app/build/outputs/logs/manifest-merger-debug-report.txt
-- Merging decision tree log ---
manifest
ADDED from src\main\AndroidManifest.xml:2:1-531:12
	package
		ADDED from src\main\AndroidManifest.xml:3:5-36
		INJECTED from src\main\AndroidManifest.xml
		INJECTED from src\main\AndroidManifest.xml
	android:versionName
		ADDED from src\main\AndroidManifest.xml:5:5-32
		INJECTED from src\main\AndroidManifest.xml
		INJECTED from src\main\AndroidManifest.xml
	android:versionCode
		ADDED from src\main\AndroidManifest.xml:4:5-28
		INJECTED from src\main\AndroidManifest.xml
		INJECTED from src\main\AndroidManifest.xml
	xmlns:android
		ADDED from src\main\AndroidManifest.xml:2:11-69
uses-permission#android.permission.ACCESS_COARSE_LOCATION
ADDED from src\main\AndroidManifest.xml:7:5-81
MERGED from [ParkingLock:ulpblelib:unspecified] AndroidManifest.xml:13:5-81
	android:name
		ADDED from src\main\AndroidManifest.xml:7:22-78
uses-permission#android.permission.ACCESS_FINE_LOCATION
ADDED from src\main\AndroidManifest.xml:8:5-79
MERGED from [ParkingLock:ulpblelib:unspecified] AndroidManifest.xml:14:5-79
	android:name
		ADDED from src\main\AndroidManifest.xml:8:22-76
uses-permission#android.permission.ACCESS_WIFI_STATE
ADDED from src\main\AndroidManifest.xml:9:5-76
MERGED from [:alipaySdk-15.5.7-20181023110917:] AndroidManifest.xml:20:5-76
	android:name
		ADDED from src\main\AndroidManifest.xml:9:22-73
uses-permission#android.permission.ACCESS_NETWORK_STATE
ADDED from src\main\AndroidManifest.xml:10:5-79
MERGED from [:alipaySdk-15.5.7-20181023110917:] AndroidManifest.xml:19:5-79
	android:name
		ADDED from src\main\AndroidManifest.xml:10:22-76
uses-permission#android.permission.CHANGE_WIFI_STATE
ADDED from src\main\AndroidManifest.xml:11:5-76
	android:name
		ADDED from src\main\AndroidManifest.xml:11:22-73
uses-permission#android.permission.READ_PHONE_STATE
ADDED from src\main\AndroidManifest.xml:12:5-75
MERGED from [:alipaySdk-15.5.7-20181023110917:] AndroidManifest.xml:21:5-75
	android:name
		ADDED from src\main\AndroidManifest.xml:12:22-72
uses-permission#android.permission.WRITE_EXTERNAL_STORAGE
ADDED from src\main\AndroidManifest.xml:13:5-81
MERGED from [:alipaySdk-15.5.7-20181023110917:] AndroidManifest.xml:22:5-81
	android:name
		ADDED from src\main\AndroidManifest.xml:13:22-78
uses-permission#android.permission.READ_EXTERNAL_STORAGE
ADDED from src\main\AndroidManifest.xml:14:5-79
	android:name
		ADDED from src\main\AndroidManifest.xml:14:22-77
uses-permission#android.permission.INTERNET
ADDED from src\main\AndroidManifest.xml:15:5-67
MERGED from [:alipaySdk-15.5.7-20181023110917:] AndroidManifest.xml:18:5-67
	android:name
		ADDED from src\main\AndroidManifest.xml:15:22-64
uses-permission#android.permission.MOUNT_UNMOUNT_FILESYSTEMS
ADDED from src\main\AndroidManifest.xml:16:5-84
	android:name
		ADDED from src\main\AndroidManifest.xml:16:22-81
uses-permission#android.permission.READ_LOGS
ADDED from src\main\AndroidManifest.xml:17:5-68
	android:name
		ADDED from src\main\AndroidManifest.xml:17:22-65
uses-permission#android.permission.VIBRATE
ADDED from src\main\AndroidManifest.xml:18:5-66
	android:name
		ADDED from src\main\AndroidManifest.xml:18:22-63
uses-permission#android.permission.WAKE_LOCK
ADDED from src\main\AndroidManifest.xml:19:5-68
	android:name
		ADDED from src\main\AndroidManifest.xml:19:22-65
uses-permission#android.permission.WRITE_SETTINGS
ADDED from src\main\AndroidManifest.xml:20:5-73
	android:name
		ADDED from src\main\AndroidManifest.xml:20:22-70
uses-permission#android.permission.BLUETOOTH
ADDED from src\main\AndroidManifest.xml:21:5-68
MERGED from [ParkingLock:ulpblelib:unspecified] AndroidManifest.xml:11:5-68
	android:name
		ADDED from src\main\AndroidManifest.xml:21:22-65
uses-permission#android.permission.BLUETOOTH_ADMIN
ADDED from src\main\AndroidManifest.xml:22:5-74
MERGED from [ParkingLock:ulpblelib:unspecified] AndroidManifest.xml:12:5-74
	android:name
		ADDED from src\main\AndroidManifest.xml:22:22-71
uses-permission#android.permission.BLUETOOTH_PRIVILEGED
ADDED from src\main\AndroidManifest.xml:23:5-79
	android:name
		ADDED from src\main\AndroidManifest.xml:23:22-76
uses-permission#android.permission.CAMERA
ADDED from src\main\AndroidManifest.xml:24:5-65
	android:name
		ADDED from src\main\AndroidManifest.xml:24:22-62
uses-permission#android.permission.CALL_PHONE
ADDED from src\main\AndroidManifest.xml:25:5-69
	android:name
		ADDED from src\main\AndroidManifest.xml:25:22-66
uses-permission#android.permission.RECEIVE_SMS
ADDED from src\main\AndroidManifest.xml:26:5-70
	android:name
		ADDED from src\main\AndroidManifest.xml:26:22-67
uses-permission#android.permission.READ_SMS
ADDED from src\main\AndroidManifest.xml:27:5-67
	android:name
		ADDED from src\main\AndroidManifest.xml:27:22-64
uses-permission#android.permission.SEND_SMS
ADDED from src\main\AndroidManifest.xml:28:5-67
	android:name
		ADDED from src\main\AndroidManifest.xml:28:22-64
uses-permission#android.permission.RECEIVE_BOOT_COMPLETED
ADDED from src\main\AndroidManifest.xml:29:5-81
	android:name
		ADDED from src\main\AndroidManifest.xml:29:22-78
uses-permission#android.permission.USE_FINGERPRINT
ADDED from src\main\AndroidManifest.xml:30:5-74
	android:name
		ADDED from src\main\AndroidManifest.xml:30:22-71
uses-permission#android.permission.REQUEST_INSTALL_PACKAGES
ADDED from src\main\AndroidManifest.xml:31:5-83
	android:name
		ADDED from src\main\AndroidManifest.xml:31:22-80
uses-feature#android.hardware.camera
ADDED from src\main\AndroidManifest.xml:34:5-60
	android:name
		ADDED from src\main\AndroidManifest.xml:34:19-57
uses-feature#android.hardware.camera.autofocus
ADDED from src\main\AndroidManifest.xml:35:5-70
	android:name
		ADDED from src\main\AndroidManifest.xml:35:19-67
permission#com.saiyi.parkinglock.permission.JPUSH_MESSAGE
ADDED from src\main\AndroidManifest.xml:37:5-39:47
	android:protectionLevel
		ADDED from src\main\AndroidManifest.xml:39:9-44
	android:name
		ADDED from src\main\AndroidManifest.xml:38:9-70
uses-permission#com.saiyi.parkinglock.permission.JPUSH_MESSAGE
ADDED from src\main\AndroidManifest.xml:41:5-86
	android:name
		ADDED from src\main\AndroidManifest.xml:41:22-83
uses-permission#android.permission.RECEIVE_USER_PRESENT
ADDED from src\main\AndroidManifest.xml:42:5-79
	android:name
		ADDED from src\main\AndroidManifest.xml:42:22-76
uses-permission#android.permission.SYSTEM_ALERT_WINDOW
ADDED from src\main\AndroidManifest.xml:44:5-78
	android:name
		ADDED from src\main\AndroidManifest.xml:44:22-75
uses-permission#android.permission.ACCESS_LOCATION_EXTRA_COMMANDS
ADDED from src\main\AndroidManifest.xml:45:5-89
	android:name
		ADDED from src\main\AndroidManifest.xml:45:22-86
uses-permission#android.permission.CHANGE_NETWORK_STATE
ADDED from src\main\AndroidManifest.xml:46:5-79
	android:name
		ADDED from src\main\AndroidManifest.xml:46:22-76
uses-permission#android.permission.GET_TASKS
ADDED from src\main\AndroidManifest.xml:47:5-68
	android:name
		ADDED from src\main\AndroidManifest.xml:47:22-65
uses-permission#android.permission.MODIFY_AUDIO_SETTINGS
ADDED from src\main\AndroidManifest.xml:49:5-80
	android:name
		ADDED from src\main\AndroidManifest.xml:49:22-77
application
ADDED from src\main\AndroidManifest.xml:51:5-529:19
MERGED from [com.android.support:appcompat-v7:24.2.1] AndroidManifest.xml:25:5-20
MERGED from [com.android.support:support-v4:24.2.1] AndroidManifest.xml:25:5-20
MERGED from [com.android.support:support-fragment:24.2.1] AndroidManifest.xml:25:5-20
MERGED from [com.android.support:support-media-compat:24.2.1] AndroidManifest.xml:25:5-20
MERGED from [com.android.support:support-core-utils:24.2.1] AndroidManifest.xml:25:5-20
MERGED from [com.android.support:animated-vector-drawable:24.2.1] AndroidManifest.xml:22:5-20
MERGED from [com.android.support:support-vector-drawable:24.2.1] AndroidManifest.xml:23:5-20
MERGED from [com.android.support:support-core-ui:24.2.1] AndroidManifest.xml:25:5-20
MERGED from [com.android.support:support-compat:24.2.1] AndroidManifest.xml:25:5-20
MERGED from [com.android.support:cardview-v7:24.2.1] AndroidManifest.xml:22:5-20
MERGED from [com.android.support.constraint:constraint-layout:1.0.0-alpha8] AndroidManifest.xml:9:5-20
MERGED from [ParkingLock:ulpblelib:unspecified] AndroidManifest.xml:20:5-26:19
MERGED from [:alipaySdk-15.5.7-20181023110917:] AndroidManifest.xml:24:5-52:19
	android:label
		ADDED from src\main\AndroidManifest.xml:55:9-41
	android:supportsRtl
		ADDED from src\main\AndroidManifest.xml:57:9-35
	android:allowBackup
		ADDED from src\main\AndroidManifest.xml:53:9-35
	android:icon
		ADDED from src\main\AndroidManifest.xml:54:9-43
	android:persistent
		ADDED from src\main\AndroidManifest.xml:56:9-34
	android:theme
		ADDED from src\main\AndroidManifest.xml:58:9-49
	android:name
		ADDED from src\main\AndroidManifest.xml:52:9-73
meta-data#com.saiyi.parkinglock.common.glide.GlideConfiguration
ADDED from src\main\AndroidManifest.xml:61:9-63:43
	android:value
		ADDED from src\main\AndroidManifest.xml:63:13-40
	android:name
		ADDED from src\main\AndroidManifest.xml:62:13-81
meta-data#com.baidu.lbsapi.API_KEY
ADDED from src\main\AndroidManifest.xml:65:9-67:63
	android:value
		ADDED from src\main\AndroidManifest.xml:67:13-61
	android:name
		ADDED from src\main\AndroidManifest.xml:66:13-52
meta-data#UMENG_APPKEY
ADDED from src\main\AndroidManifest.xml:70:9-72:56
	android:value
		ADDED from src\main\AndroidManifest.xml:72:13-53
	android:name
		ADDED from src\main\AndroidManifest.xml:71:13-40
activity#com.saiyi.parkinglock.wxapi.WXEntryActivity
ADDED from src\main\AndroidManifest.xml:75:9-79:74
	android:exported
		ADDED from src\main\AndroidManifest.xml:78:13-36
	android:configChanges
		ADDED from src\main\AndroidManifest.xml:77:13-74
	android:theme
		ADDED from src\main\AndroidManifest.xml:79:13-72
	android:name
		ADDED from src\main\AndroidManifest.xml:76:13-71
activity#com.saiyi.parkinglock.wxapi.WXPayEntryActivity
ADDED from src\main\AndroidManifest.xml:81:9-91:20
	android:launchMode
		ADDED from src\main\AndroidManifest.xml:84:13-43
	android:exported
		ADDED from src\main\AndroidManifest.xml:83:13-36
	android:name
		ADDED from src\main\AndroidManifest.xml:82:13-74
intent-filter#android.intent.action.VIEW+android.intent.category.DEFAULT
ADDED from src\main\AndroidManifest.xml:85:9-90:25
action#android.intent.action.VIEW
ADDED from src\main\AndroidManifest.xml:86:13-65
	android:name
		ADDED from src\main\AndroidManifest.xml:86:21-62
category#android.intent.category.DEFAULT
ADDED from src\main\AndroidManifest.xml:88:13-72
	android:name
		ADDED from src\main\AndroidManifest.xml:88:23-69
data
ADDED from src\main\AndroidManifest.xml:89:13-57
	android:scheme
		ADDED from src\main\AndroidManifest.xml:89:19-54
activity#com.saiyi.parkinglock.apshare.ShareEntryActivity
ADDED from src\main\AndroidManifest.xml:94:9-99:75
	android:screenOrientation
		ADDED from src\main\AndroidManifest.xml:98:13-49
	android:exported
		ADDED from src\main\AndroidManifest.xml:97:13-36
	android:configChanges
		ADDED from src\main\AndroidManifest.xml:96:13-74
	android:theme
		ADDED from src\main\AndroidManifest.xml:99:13-72
	android:name
		ADDED from src\main\AndroidManifest.xml:95:13-55
activity#com.saiyi.parkinglock.qqapi.AuthActivity
ADDED from src\main\AndroidManifest.xml:101:9-104:40
	android:launchMode
		ADDED from src\main\AndroidManifest.xml:103:13-44
	android:noHistory
		ADDED from src\main\AndroidManifest.xml:104:13-37
	android:name
		ADDED from src\main\AndroidManifest.xml:102:13-47
activity#com.umeng.socialize.media.WBShareCallBackActivity
ADDED from src\main\AndroidManifest.xml:105:9-111:20
	android:screenOrientation
		ADDED from src\main\AndroidManifest.xml:110:13-49
	android:exported
		ADDED from src\main\AndroidManifest.xml:109:13-37
	android:configChanges
		ADDED from src\main\AndroidManifest.xml:107:13-63
	android:theme
		ADDED from src\main\AndroidManifest.xml:108:13-72
	android:name
		ADDED from src\main\AndroidManifest.xml:106:13-77
activity#com.sina.weibo.sdk.web.WeiboSdkWebActivity
ADDED from src\main\AndroidManifest.xml:113:10-117:15
	android:exported
		ADDED from src\main\AndroidManifest.xml:115:13-37
	android:windowSoftInputMode
		ADDED from src\main\AndroidManifest.xml:116:13-55
	android:configChanges
		ADDED from src\main\AndroidManifest.xml:114:13-63
	android:name
		ADDED from src\main\AndroidManifest.xml:113:20-77
activity#com.sina.weibo.sdk.share.WbShareTransActivity
ADDED from src\main\AndroidManifest.xml:118:9-126:20
	android:launchMode
		ADDED from src\main\AndroidManifest.xml:120:13-44
	android:theme
		ADDED from src\main\AndroidManifest.xml:119:13-83
	android:name
		ADDED from src\main\AndroidManifest.xml:121:13-73
intent-filter#android.intent.category.DEFAULT+com.sina.weibo.sdk.action.ACTION_SDK_REQ_ACTIVITY
ADDED from src\main\AndroidManifest.xml:122:13-125:29
action#com.sina.weibo.sdk.action.ACTION_SDK_REQ_ACTIVITY
ADDED from src\main\AndroidManifest.xml:123:17-92
	android:name
		ADDED from src\main\AndroidManifest.xml:123:25-89
activity#com.tencent.tauth.AuthActivity
ADDED from src\main\AndroidManifest.xml:128:9-140:20
	android:launchMode
		ADDED from src\main\AndroidManifest.xml:130:13-44
	android:noHistory
		ADDED from src\main\AndroidManifest.xml:131:13-37
	android:name
		ADDED from src\main\AndroidManifest.xml:129:13-58
intent-filter#android.intent.action.VIEW+android.intent.category.BROWSABLE+android.intent.category.DEFAULT
ADDED from src\main\AndroidManifest.xml:132:13-139:29
category#android.intent.category.BROWSABLE
ADDED from src\main\AndroidManifest.xml:136:17-78
	android:name
		ADDED from src\main\AndroidManifest.xml:136:27-75
activity#com.tencent.connect.common.AssistActivity
ADDED from src\main\AndroidManifest.xml:141:9-145:80
	android:screenOrientation
		ADDED from src\main\AndroidManifest.xml:143:18-54
	android:configChanges
		ADDED from src\main\AndroidManifest.xml:145:17-78
	android:theme
		ADDED from src\main\AndroidManifest.xml:144:18-77
	android:name
		ADDED from src\main\AndroidManifest.xml:142:18-74
activity#com.alipay.sdk.auth.AuthActivity
ADDED from src\main\AndroidManifest.xml:147:9-151:49
	android:screenOrientation
		ADDED from src\main\AndroidManifest.xml:151:13-47
	android:exported
		ADDED from src\main\AndroidManifest.xml:150:13-37
	android:configChanges
		ADDED from src\main\AndroidManifest.xml:149:13-74
	android:name
		ADDED from src\main\AndroidManifest.xml:148:13-60
activity#cn.jpush.android.ui.PopWinActivity
ADDED from src\main\AndroidManifest.xml:154:9-158:20
	android:exported
		ADDED from src\main\AndroidManifest.xml:157:13-37
	android:theme
		ADDED from src\main\AndroidManifest.xml:156:13-49
	android:name
		ADDED from src\main\AndroidManifest.xml:155:13-62
activity#cn.jpush.android.ui.PushActivity
ADDED from src\main\AndroidManifest.xml:161:9-171:20
	android:exported
		ADDED from src\main\AndroidManifest.xml:165:13-37
	android:configChanges
		ADDED from src\main\AndroidManifest.xml:163:13-63
	android:theme
		ADDED from src\main\AndroidManifest.xml:164:13-60
	android:name
		ADDED from src\main\AndroidManifest.xml:162:13-60
intent-filter#android.intent.category.DEFAULT+cn.jpush.android.ui.PushActivity+com.saiyi.parkinglock
ADDED from src\main\AndroidManifest.xml:166:13-170:29
action#cn.jpush.android.ui.PushActivity
ADDED from src\main\AndroidManifest.xml:167:17-75
	android:name
		ADDED from src\main\AndroidManifest.xml:167:25-72
category#com.saiyi.parkinglock
ADDED from src\main\AndroidManifest.xml:169:17-66
	android:name
		ADDED from src\main\AndroidManifest.xml:169:27-63
service#cn.jpush.android.service.PushService
ADDED from src\main\AndroidManifest.xml:175:9-185:19
	android:process
		ADDED from src\main\AndroidManifest.xml:177:13-40
	android:exported
		ADDED from src\main\AndroidManifest.xml:178:13-37
	android:name
		ADDED from src\main\AndroidManifest.xml:176:13-64
intent-filter#cn.jpush.android.intent.PUSH_TIME+cn.jpush.android.intent.PushService+cn.jpush.android.intent.REGISTER+cn.jpush.android.intent.REPORT
ADDED from src\main\AndroidManifest.xml:179:13-184:29
action#cn.jpush.android.intent.REGISTER
ADDED from src\main\AndroidManifest.xml:180:17-75
	android:name
		ADDED from src\main\AndroidManifest.xml:180:25-72
action#cn.jpush.android.intent.REPORT
ADDED from src\main\AndroidManifest.xml:181:17-73
	android:name
		ADDED from src\main\AndroidManifest.xml:181:25-70
action#cn.jpush.android.intent.PushService
ADDED from src\main\AndroidManifest.xml:182:17-78
	android:name
		ADDED from src\main\AndroidManifest.xml:182:25-75
action#cn.jpush.android.intent.PUSH_TIME
ADDED from src\main\AndroidManifest.xml:183:17-76
	android:name
		ADDED from src\main\AndroidManifest.xml:183:25-73
provider#cn.jpush.android.service.DataProvider
ADDED from src\main\AndroidManifest.xml:188:9-191:40
	android:authorities
		ADDED from src\main\AndroidManifest.xml:189:13-69
	android:exported
		ADDED from src\main\AndroidManifest.xml:191:13-37
	android:name
		ADDED from src\main\AndroidManifest.xml:190:13-65
service#cn.jpush.android.service.DaemonService
ADDED from src\main\AndroidManifest.xml:194:9-203:19
	android:enabled
		ADDED from src\main\AndroidManifest.xml:196:13-35
	android:exported
		ADDED from src\main\AndroidManifest.xml:197:13-36
	android:name
		ADDED from src\main\AndroidManifest.xml:195:13-66
intent-filter#cn.jpush.android.intent.DaemonService+com.saiyi.parkinglock
ADDED from src\main\AndroidManifest.xml:198:13-201:29
action#cn.jpush.android.intent.DaemonService
ADDED from src\main\AndroidManifest.xml:199:17-80
	android:name
		ADDED from src\main\AndroidManifest.xml:199:25-77
provider#cn.jpush.android.service.DownloadProvider
ADDED from src\main\AndroidManifest.xml:205:9-209:15
	android:authorities
		ADDED from src\main\AndroidManifest.xml:206:13-73
	android:exported
		ADDED from src\main\AndroidManifest.xml:208:13-36
	android:name
		ADDED from src\main\AndroidManifest.xml:207:13-69
receiver#cn.jpush.android.service.PushReceiver
ADDED from src\main\AndroidManifest.xml:211:9-230:20
	android:enabled
		ADDED from src\main\AndroidManifest.xml:213:13-35
	android:exported
		ADDED from src\main\AndroidManifest.xml:214:13-37
	android:name
		ADDED from src\main\AndroidManifest.xml:212:13-65
intent-filter#cn.jpush.android.intent.NOTIFICATION_RECEIVED_PROXY+com.saiyi.parkinglock
ADDED from src\main\AndroidManifest.xml:215:13-218:29
	android:priority
		ADDED from src\main\AndroidManifest.xml:215:28-51
action#cn.jpush.android.intent.NOTIFICATION_RECEIVED_PROXY
ADDED from src\main\AndroidManifest.xml:216:17-94
	android:name
		ADDED from src\main\AndroidManifest.xml:216:25-91
intent-filter#android.intent.action.USER_PRESENT+android.net.conn.CONNECTIVITY_CHANGE
ADDED from src\main\AndroidManifest.xml:219:13-222:29
action#android.intent.action.USER_PRESENT
ADDED from src\main\AndroidManifest.xml:220:17-77
	android:name
		ADDED from src\main\AndroidManifest.xml:220:25-74
action#android.net.conn.CONNECTIVITY_CHANGE
ADDED from src\main\AndroidManifest.xml:221:17-79
	android:name
		ADDED from src\main\AndroidManifest.xml:221:25-76
intent-filter#android.intent.action.PACKAGE_ADDED+android.intent.action.PACKAGE_REMOVED
ADDED from src\main\AndroidManifest.xml:224:13-229:29
action#android.intent.action.PACKAGE_ADDED
ADDED from src\main\AndroidManifest.xml:225:17-78
	android:name
		ADDED from src\main\AndroidManifest.xml:225:25-75
action#android.intent.action.PACKAGE_REMOVED
ADDED from src\main\AndroidManifest.xml:226:17-80
	android:name
		ADDED from src\main\AndroidManifest.xml:226:25-77
receiver#cn.jpush.android.service.AlarmReceiver
ADDED from src\main\AndroidManifest.xml:233:9-99
	android:exported
		ADDED from src\main\AndroidManifest.xml:233:73-97
	android:name
		ADDED from src\main\AndroidManifest.xml:233:19-72
receiver#com.saiyi.parkinglock.push.MyReceiver
ADDED from src\main\AndroidManifest.xml:236:9-248:20
	android:enabled
		ADDED from src\main\AndroidManifest.xml:239:13-35
	android:exported
		ADDED from src\main\AndroidManifest.xml:238:13-37
	android:name
		ADDED from src\main\AndroidManifest.xml:237:13-44
intent-filter#cn.jpush.android.intent.CONNECTION+cn.jpush.android.intent.MESSAGE_RECEIVED+cn.jpush.android.intent.NOTIFICATION_OPENED+cn.jpush.android.intent.NOTIFICATION_RECEIVED+cn.jpush.android.intent.REGISTRATION+com.saiyi.parkinglock
ADDED from src\main\AndroidManifest.xml:240:13-247:29
action#cn.jpush.android.intent.REGISTRATION
ADDED from src\main\AndroidManifest.xml:241:17-79
	android:name
		ADDED from src\main\AndroidManifest.xml:241:25-76
action#cn.jpush.android.intent.MESSAGE_RECEIVED
ADDED from src\main\AndroidManifest.xml:242:17-83
	android:name
		ADDED from src\main\AndroidManifest.xml:242:25-80
action#cn.jpush.android.intent.NOTIFICATION_RECEIVED
ADDED from src\main\AndroidManifest.xml:243:17-88
	android:name
		ADDED from src\main\AndroidManifest.xml:243:25-85
action#cn.jpush.android.intent.NOTIFICATION_OPENED
ADDED from src\main\AndroidManifest.xml:244:17-86
	android:name
		ADDED from src\main\AndroidManifest.xml:244:25-83
action#cn.jpush.android.intent.CONNECTION
ADDED from src\main\AndroidManifest.xml:245:17-77
	android:name
		ADDED from src\main\AndroidManifest.xml:245:25-74
receiver#com.saiyi.parkinglock.push.MyJPushMessageReceiver
ADDED from src\main\AndroidManifest.xml:251:9-256:20
	android:name
		ADDED from src\main\AndroidManifest.xml:251:19-62
intent-filter#cn.jpush.android.intent.RECEIVE_MESSAGE+com.saiyi.parkinglock
ADDED from src\main\AndroidManifest.xml:252:13-255:29
action#cn.jpush.android.intent.RECEIVE_MESSAGE
ADDED from src\main\AndroidManifest.xml:253:17-82
	android:name
		ADDED from src\main\AndroidManifest.xml:253:25-79
meta-data#JPUSH_CHANNEL
ADDED from src\main\AndroidManifest.xml:259:9-84
	android:value
		ADDED from src\main\AndroidManifest.xml:259:49-82
	android:name
		ADDED from src\main\AndroidManifest.xml:259:20-48
meta-data#JPUSH_APPKEY
ADDED from src\main\AndroidManifest.xml:260:9-91
	android:value
		ADDED from src\main\AndroidManifest.xml:260:48-88
	android:name
		ADDED from src\main\AndroidManifest.xml:260:20-47
activity#com.saiyi.parkinglock.common.activity.StartActivity
ADDED from src\main\AndroidManifest.xml:267:9-275:20
	android:screenOrientation
		ADDED from src\main\AndroidManifest.xml:269:13-49
	android:windowSoftInputMode
		ADDED from src\main\AndroidManifest.xml:270:13-52
	android:name
		ADDED from src\main\AndroidManifest.xml:268:13-79
intent-filter#android.intent.action.MAIN+android.intent.category.LAUNCHER
ADDED from src\main\AndroidManifest.xml:271:13-274:29
action#android.intent.action.MAIN
ADDED from src\main\AndroidManifest.xml:272:17-69
	android:name
		ADDED from src\main\AndroidManifest.xml:272:25-66
category#android.intent.category.LAUNCHER
ADDED from src\main\AndroidManifest.xml:273:17-77
	android:name
		ADDED from src\main\AndroidManifest.xml:273:27-74
activity#com.saiyi.parkinglock.activity.MainActivity
ADDED from src\main\AndroidManifest.xml:277:9-285:20
	android:screenOrientation
		ADDED from src\main\AndroidManifest.xml:281:13-49
	android:launchMode
		ADDED from src\main\AndroidManifest.xml:280:13-44
	android:configChanges
		ADDED from src\main\AndroidManifest.xml:279:13-74
	android:name
		ADDED from src\main\AndroidManifest.xml:278:13-50
intent-filter#android.intent.category.DEFAULT
ADDED from src\main\AndroidManifest.xml:282:13-284:29
activity#com.saiyi.parkinglock.user.MyCenterActivity
ADDED from src\main\AndroidManifest.xml:287:9-294:20
	android:screenOrientation
		ADDED from src\main\AndroidManifest.xml:290:13-49
	android:configChanges
		ADDED from src\main\AndroidManifest.xml:289:13-74
	android:name
		ADDED from src\main\AndroidManifest.xml:288:13-71
activity#com.saiyi.parkinglock.activity.LoginActivity
ADDED from src\main\AndroidManifest.xml:295:9-302:20
	android:screenOrientation
		ADDED from src\main\AndroidManifest.xml:298:13-49
	android:configChanges
		ADDED from src\main\AndroidManifest.xml:297:13-74
	android:name
		ADDED from src\main\AndroidManifest.xml:296:13-51
activity#com.saiyi.parkinglock.activity.RegisterActivity
ADDED from src\main\AndroidManifest.xml:303:9-311:20
	android:screenOrientation
		ADDED from src\main\AndroidManifest.xml:307:13-49
	android:launchMode
		ADDED from src\main\AndroidManifest.xml:306:13-44
	android:configChanges
		ADDED from src\main\AndroidManifest.xml:305:13-74
	android:name
		ADDED from src\main\AndroidManifest.xml:304:13-54
activity#com.saiyi.parkinglock.activity.ForgetPwdActivity
ADDED from src\main\AndroidManifest.xml:312:9-320:20
	android:screenOrientation
		ADDED from src\main\AndroidManifest.xml:316:13-49
	android:launchMode
		ADDED from src\main\AndroidManifest.xml:315:13-44
	android:configChanges
		ADDED from src\main\AndroidManifest.xml:314:13-74
	android:name
		ADDED from src\main\AndroidManifest.xml:313:13-55
activity#com.saiyi.parkinglock.common.zxing.android.CaptureActivity
ADDED from src\main\AndroidManifest.xml:321:9-328:20
	android:screenOrientation
		ADDED from src\main\AndroidManifest.xml:324:13-49
	android:configChanges
		ADDED from src\main\AndroidManifest.xml:323:13-74
	android:name
		ADDED from src\main\AndroidManifest.xml:322:13-86
activity#com.saiyi.parkinglock.user.AboutHomeActivity
ADDED from src\main\AndroidManifest.xml:330:9-338:20
	android:screenOrientation
		ADDED from src\main\AndroidManifest.xml:334:13-49
	android:launchMode
		ADDED from src\main\AndroidManifest.xml:333:13-44
	android:configChanges
		ADDED from src\main\AndroidManifest.xml:332:13-74
	android:name
		ADDED from src\main\AndroidManifest.xml:331:13-72
activity#com.saiyi.parkinglock.activity.SearchActivity
ADDED from src\main\AndroidManifest.xml:340:9-349:20
	android:screenOrientation
		ADDED from src\main\AndroidManifest.xml:344:13-49
	android:launchMode
		ADDED from src\main\AndroidManifest.xml:343:13-44
	android:windowSoftInputMode
		ADDED from src\main\AndroidManifest.xml:345:13-61
	android:configChanges
		ADDED from src\main\AndroidManifest.xml:342:13-74
	android:name
		ADDED from src\main\AndroidManifest.xml:341:13-52
activity#com.saiyi.parkinglock.user.WalletActivity
ADDED from src\main\AndroidManifest.xml:351:9-358:20
	android:screenOrientation
		ADDED from src\main\AndroidManifest.xml:354:13-49
	android:configChanges
		ADDED from src\main\AndroidManifest.xml:353:13-74
	android:name
		ADDED from src\main\AndroidManifest.xml:352:13-69
activity#com.saiyi.parkinglock.user.RechargeRecordActivity
ADDED from src\main\AndroidManifest.xml:360:9-367:21
	android:screenOrientation
		ADDED from src\main\AndroidManifest.xml:363:13-49
	android:configChanges
		ADDED from src\main\AndroidManifest.xml:362:13-74
	android:name
		ADDED from src\main\AndroidManifest.xml:361:13-56
activity#com.saiyi.parkinglock.user.MemberShipCardActivity
ADDED from src\main\AndroidManifest.xml:369:9-376:20
	android:screenOrientation
		ADDED from src\main\AndroidManifest.xml:372:13-49
	android:configChanges
		ADDED from src\main\AndroidManifest.xml:371:13-74
	android:name
		ADDED from src\main\AndroidManifest.xml:370:13-77
activity#com.saiyi.parkinglock.user.MemberCardPurchaseActivity
ADDED from src\main\AndroidManifest.xml:378:9-385:20
	android:screenOrientation
		ADDED from src\main\AndroidManifest.xml:381:13-49
	android:configChanges
		ADDED from src\main\AndroidManifest.xml:380:13-74
	android:name
		ADDED from src\main\AndroidManifest.xml:379:13-81
activity#com.saiyi.parkinglock.user.IntegralActivity
ADDED from src\main\AndroidManifest.xml:387:9-394:20
	android:screenOrientation
		ADDED from src\main\AndroidManifest.xml:390:13-49
	android:configChanges
		ADDED from src\main\AndroidManifest.xml:389:13-74
	android:name
		ADDED from src\main\AndroidManifest.xml:388:13-71
activity#com.saiyi.parkinglock.user.OrderActivity
ADDED from src\main\AndroidManifest.xml:396:9-403:20
	android:screenOrientation
		ADDED from src\main\AndroidManifest.xml:399:13-49
	android:configChanges
		ADDED from src\main\AndroidManifest.xml:398:13-74
	android:name
		ADDED from src\main\AndroidManifest.xml:397:13-68
activity#com.saiyi.parkinglock.activity.IdeaFeedBackActivity
ADDED from src\main\AndroidManifest.xml:405:9-413:20
	android:screenOrientation
		ADDED from src\main\AndroidManifest.xml:408:13-49
	android:windowSoftInputMode
		ADDED from src\main\AndroidManifest.xml:409:13-52
	android:configChanges
		ADDED from src\main\AndroidManifest.xml:407:13-74
	android:name
		ADDED from src\main\AndroidManifest.xml:406:13-58
activity#com.saiyi.parkinglock.user.SettingActivity
ADDED from src\main\AndroidManifest.xml:415:9-422:20
	android:screenOrientation
		ADDED from src\main\AndroidManifest.xml:418:13-49
	android:configChanges
		ADDED from src\main\AndroidManifest.xml:417:13-74
	android:name
		ADDED from src\main\AndroidManifest.xml:416:13-70
activity#com.saiyi.parkinglock.activity.ThirdPartyLoginActivity
ADDED from src\main\AndroidManifest.xml:424:9-431:20
	android:screenOrientation
		ADDED from src\main\AndroidManifest.xml:427:13-49
	android:configChanges
		ADDED from src\main\AndroidManifest.xml:426:13-74
	android:name
		ADDED from src\main\AndroidManifest.xml:425:13-61
activity#com.saiyi.parkinglock.user.UserGuideActivity
ADDED from src\main\AndroidManifest.xml:433:9-440:20
	android:screenOrientation
		ADDED from src\main\AndroidManifest.xml:436:13-49
	android:configChanges
		ADDED from src\main\AndroidManifest.xml:435:13-74
	android:name
		ADDED from src\main\AndroidManifest.xml:434:13-72
activity#com.saiyi.parkinglock.user.CouponActivity
ADDED from src\main\AndroidManifest.xml:442:9-449:20
	android:screenOrientation
		ADDED from src\main\AndroidManifest.xml:445:13-49
	android:configChanges
		ADDED from src\main\AndroidManifest.xml:444:13-74
	android:name
		ADDED from src\main\AndroidManifest.xml:443:13-69
activity#com.saiyi.parkinglock.pay.PaySettingActivity
ADDED from src\main\AndroidManifest.xml:451:9-458:20
	android:screenOrientation
		ADDED from src\main\AndroidManifest.xml:454:13-49
	android:configChanges
		ADDED from src\main\AndroidManifest.xml:453:13-74
	android:name
		ADDED from src\main\AndroidManifest.xml:452:13-72